<?xml version="1.0" encoding="UTF-8" standalone="yes"?><!DOCTYPE report PUBLIC "-//JACOCO//DTD Report 1.1//EN" "report.dtd"><report name="TriangleTest"><sessioninfo id="thomas-GF75-Thin-10UEK-8c4e3230" start="1646547640428" dump="1646547640728"/><sessioninfo id="thomas-GF75-Thin-10UEK-d000bf4d" start="1646547782820" dump="1646547783028"/><sessioninfo id="thomas-GF75-Thin-10UEK-8e73fbba" start="1646547876067" dump="1646547876256"/><sessioninfo id="thomas-GF75-Thin-10UEK-ac143595" start="1646548023272" dump="1646548023473"/><sessioninfo id="thomas-GF75-Thin-10UEK-7cc0ab92" start="1646548362442" dump="1646548362620"/><sessioninfo id="thomas-GF75-Thin-10UEK-a7f1d766" start="1646548515754" dump="1646548515928"/><sessioninfo id="thomas-GF75-Thin-10UEK-e51d9886" start="1646548609123" dump="1646548609313"/><sessioninfo id="thomas-GF75-Thin-10UEK-a03af4b8" start="1646548721643" dump="1646548721822"/><sessioninfo id="thomas-GF75-Thin-10UEK-e38c0f49" start="1646548827111" dump="1646548827287"/><sessioninfo id="thomas-GF75-Thin-10UEK-9575c25c" start="1646548925658" dump="1646548925831"/><sessioninfo id="thomas-GF75-Thin-10UEK-ff3755b4" start="1646548966565" dump="1646548966745"/><package name="com/example"><class name="com/example/Triangle" sourcefilename="Triangle.java"><method name="&lt;init&gt;" desc="(III)V" line="6"><counter type="INSTRUCTION" missed="0" covered="12"/><counter type="LINE" missed="0" covered="5"/><counter type="COMPLEXITY" missed="0" covered="1"/><counter type="METHOD" missed="0" covered="1"/></method><method name="getTriangleType" desc="()Ljava/lang/String;" line="13"><counter type="INSTRUCTION" missed="0" covered="76"/><counter type="BRANCH" missed="0" covered="22"/><counter type="LINE" missed="0" covered="12"/><counter type="COMPLEXITY" missed="0" covered="12"/><counter type="METHOD" missed="0" covered="1"/></method><counter type="INSTRUCTION" missed="0" covered="88"/><counter type="BRANCH" missed="0" covered="22"/><counter type="LINE" missed="0" covered="17"/><counter type="COMPLEXITY" missed="0" covered="13"/><counter type="METHOD" missed="0" covered="2"/><counter type="CLASS" missed="0" covered="1"/></class><sourcefile name="Triangle.java"><line nr="6" mi="0" ci="2" mb="0" cb="0"/><line nr="7" mi="0" ci="3" mb="0" cb="0"/><line nr="8" mi="0" ci="3" mb="0" cb="0"/><line nr="9" mi="0" ci="3" mb="0" cb="0"/><line nr="10" mi="0" ci="1" mb="0" cb="0"/><line nr="13" mi="0" ci="2" mb="0" cb="0"/><line nr="14" mi="0" ci="9" mb="0" cb="6"/><line nr="15" mi="0" ci="2" mb="0" cb="0"/><line nr="16" mi="0" ci="25" mb="0" cb="6"/><line nr="17" mi="0" ci="10" mb="0" cb="4"/><line nr="18" mi="0" ci="3" mb="0" cb="0"/><line nr="19" mi="0" ci="15" mb="0" cb="6"/><line nr="20" mi="0" ci="3" mb="0" cb="0"/><line nr="22" mi="0" ci="2" mb="0" cb="0"/><line nr="23" mi="0" ci="1" mb="0" cb="0"/><line nr="24" mi="0" ci="2" mb="0" cb="0"/><line nr="25" mi="0" ci="2" mb="0" cb="0"/><counter type="INSTRUCTION" missed="0" covered="88"/><counter type="BRANCH" missed="0" covered="22"/><counter type="LINE" missed="0" covered="17"/><counter type="COMPLEXITY" missed="0" covered="13"/><counter type="METHOD" missed="0" covered="2"/><counter type="CLASS" missed="0" covered="1"/></sourcefile><counter type="INSTRUCTION" missed="0" covered="88"/><counter type="BRANCH" missed="0" covered="22"/><counter type="LINE" missed="0" covered="17"/><counter type="COMPLEXITY" missed="0" covered="13"/><counter type="METHOD" missed="0" covered="2"/><counter type="CLASS" missed="0" covered="1"/></package><counter type="INSTRUCTION" missed="0" covered="88"/><counter type="BRANCH" missed="0" covered="22"/><counter type="LINE" missed="0" covered="17"/><counter type="COMPLEXITY" missed="0" covered="13"/><counter type="METHOD" missed="0" covered="2"/><counter type="CLASS" missed="0" covered="1"/></report>